c:\users\duda_\documents\github\f96226b5-gr32-repo\projekt\scrabble\debug\vc142.pdb
c:\users\duda_\documents\github\f96226b5-gr32-repo\projekt\scrabble\debug\vc142.idb
c:\users\duda_\documents\github\f96226b5-gr32-repo\projekt\scrabble\debug\windowmanager.obj
c:\users\duda_\documents\github\f96226b5-gr32-repo\projekt\scrabble\debug\arbiter.obj
c:\users\duda_\documents\github\f96226b5-gr32-repo\projekt\scrabble\debug\blank.obj
c:\users\duda_\documents\github\f96226b5-gr32-repo\projekt\scrabble\debug\singleton.obj
c:\users\duda_\documents\github\f96226b5-gr32-repo\projekt\scrabble\debug\scrabble.obj
c:\users\duda_\documents\github\f96226b5-gr32-repo\projekt\scrabble\debug\game.obj
c:\users\duda_\documents\github\f96226b5-gr32-repo\projekt\scrabble\debug\player.obj
c:\users\duda_\documents\github\f96226b5-gr32-repo\projekt\scrabble\debug\bag.obj
c:\users\duda_\documents\github\f96226b5-gr32-repo\projekt\scrabble\debug\board.obj
c:\users\duda_\documents\github\f96226b5-gr32-repo\projekt\scrabble\debug\slot.obj
c:\users\duda_\documents\github\f96226b5-gr32-repo\projekt\scrabble\debug\tile.obj
c:\users\duda_\documents\github\f96226b5-gr32-repo\projekt\scrabble\debug\container.obj
c:\users\duda_\documents\github\f96226b5-gr32-repo\projekt\scrabble\debug\text.obj
c:\users\duda_\documents\github\f96226b5-gr32-repo\projekt\scrabble\debug\drawable.obj
c:\users\duda_\documents\github\f96226b5-gr32-repo\projekt\scrabble\debug\scrabble.exe
c:\users\duda_\documents\github\f96226b5-gr32-repo\projekt\scrabble\debug\scrabble.ilk
c:\users\duda_\documents\github\f96226b5-gr32-repo\projekt\scrabble\debug\scrabble.pdb
c:\users\duda_\documents\github\f96226b5-gr32-repo\projekt\scrabble\debug\timer.obj
c:\users\duda_\documents\github\f96226b5-gr32-repo\projekt\scrabble\debug\scrabble.tlog\cl.command.1.tlog
c:\users\duda_\documents\github\f96226b5-gr32-repo\projekt\scrabble\debug\scrabble.tlog\cl.read.1.tlog
c:\users\duda_\documents\github\f96226b5-gr32-repo\projekt\scrabble\debug\scrabble.tlog\cl.write.1.tlog
c:\users\duda_\documents\github\f96226b5-gr32-repo\projekt\scrabble\debug\scrabble.tlog\link.command.1.tlog
c:\users\duda_\documents\github\f96226b5-gr32-repo\projekt\scrabble\debug\scrabble.tlog\link.read.1.tlog
c:\users\duda_\documents\github\f96226b5-gr32-repo\projekt\scrabble\debug\scrabble.tlog\link.write.1.tlog
